[00:06:54][INFO ][ContextLoader.java:271] - Root WebApplicationContext: initialization started
[00:06:54][INFO ][ContextLoader.java:307] - Root WebApplicationContext initialized in 469 ms
[00:06:54][INFO ][FrameworkServlet.java:525] - Initializing Servlet 'appServlet'
[00:06:55][INFO ][FrameworkServlet.java:547] - Completed initialization in 733 ms
[00:26:57][INFO ][ContextLoader.java:271] - Root WebApplicationContext: initialization started
[00:26:57][INFO ][ContextLoader.java:307] - Root WebApplicationContext initialized in 480 ms
[00:26:57][INFO ][FrameworkServlet.java:525] - Initializing Servlet 'appServlet'
[00:26:58][INFO ][FrameworkServlet.java:547] - Completed initialization in 738 ms
[16:12:49][INFO ][ContextLoader.java:271] - Root WebApplicationContext: initialization started
[16:12:50][INFO ][ContextLoader.java:307] - Root WebApplicationContext initialized in 427 ms
[16:12:50][INFO ][FrameworkServlet.java:525] - Initializing Servlet 'appServlet'
[16:12:50][INFO ][FrameworkServlet.java:547] - Completed initialization in 657 ms
[16:12:59][WARN ][DispatcherServlet.java:1278] - No mapping for POST /dab/ntop3.do
[16:17:20][INFO ][ContextLoader.java:271] - Root WebApplicationContext: initialization started
[16:17:21][INFO ][ContextLoader.java:307] - Root WebApplicationContext initialized in 334 ms
[16:17:21][INFO ][FrameworkServlet.java:525] - Initializing Servlet 'appServlet'
[16:17:21][INFO ][FrameworkServlet.java:547] - Completed initialization in 602 ms
[16:19:07][INFO ][ContextLoader.java:271] - Root WebApplicationContext: initialization started
[16:19:07][INFO ][ContextLoader.java:307] - Root WebApplicationContext initialized in 449 ms
[16:19:07][INFO ][FrameworkServlet.java:525] - Initializing Servlet 'appServlet'
[16:19:08][INFO ][FrameworkServlet.java:547] - Completed initialization in 672 ms
[16:19:12][WARN ][DispatcherServlet.java:1278] - No mapping for POST /dab/ntop3.do
[16:19:18][WARN ][DispatcherServlet.java:1278] - No mapping for POST /dab/ntop3.do
[16:24:58][WARN ][DispatcherServlet.java:1278] - No mapping for POST /dab/ntop3.do
[16:33:25][INFO ][ContextLoader.java:271] - Root WebApplicationContext: initialization started
[16:33:25][INFO ][ContextLoader.java:307] - Root WebApplicationContext initialized in 448 ms
[16:33:25][INFO ][FrameworkServlet.java:525] - Initializing Servlet 'appServlet'
[16:33:26][INFO ][FrameworkServlet.java:547] - Completed initialization in 725 ms
[16:33:31][WARN ][DispatcherServlet.java:1278] - No mapping for POST /dab/ntop3.do
[16:35:28][INFO ][ContextLoader.java:271] - Root WebApplicationContext: initialization started
[16:35:28][INFO ][ContextLoader.java:307] - Root WebApplicationContext initialized in 476 ms
[16:35:28][INFO ][FrameworkServlet.java:525] - Initializing Servlet 'appServlet'
[16:35:29][INFO ][FrameworkServlet.java:547] - Completed initialization in 644 ms
[16:37:21][INFO ][ContextLoader.java:271] - Root WebApplicationContext: initialization started
[16:37:21][INFO ][ContextLoader.java:307] - Root WebApplicationContext initialized in 456 ms
[16:37:21][INFO ][FrameworkServlet.java:525] - Initializing Servlet 'appServlet'
[16:37:22][INFO ][FrameworkServlet.java:547] - Completed initialization in 677 ms
[16:37:44][INFO ][ContextLoader.java:271] - Root WebApplicationContext: initialization started
[16:37:44][INFO ][ContextLoader.java:307] - Root WebApplicationContext initialized in 458 ms
[16:37:44][INFO ][FrameworkServlet.java:525] - Initializing Servlet 'appServlet'
[16:37:45][INFO ][FrameworkServlet.java:547] - Completed initialization in 674 ms
[16:41:35][INFO ][ContextLoader.java:271] - Root WebApplicationContext: initialization started
[16:41:35][INFO ][ContextLoader.java:307] - Root WebApplicationContext initialized in 435 ms
[16:41:35][INFO ][FrameworkServlet.java:525] - Initializing Servlet 'appServlet'
[16:41:36][INFO ][FrameworkServlet.java:547] - Completed initialization in 647 ms
[16:44:18][INFO ][ContextLoader.java:271] - Root WebApplicationContext: initialization started
[16:44:19][INFO ][ContextLoader.java:307] - Root WebApplicationContext initialized in 672 ms
[16:44:19][INFO ][FrameworkServlet.java:525] - Initializing Servlet 'appServlet'
[16:44:20][INFO ][FrameworkServlet.java:547] - Completed initialization in 1006 ms
[16:44:25][WARN ][DispatcherServlet.java:1278] - No mapping for POST /dab/btop3.do
[16:44:25][WARN ][DispatcherServlet.java:1278] - No mapping for POST /dab/ntop3.do
[16:46:09][WARN ][DispatcherServlet.java:1278] - No mapping for POST /dab/ntop3.do
[16:46:09][WARN ][DispatcherServlet.java:1278] - No mapping for POST /dab/btop3.do
[17:44:01][INFO ][ContextLoader.java:271] - Root WebApplicationContext: initialization started
[17:44:01][WARN ][AbstractApplicationContext.java:591] - Exception encountered during context initialization - cancelling refresh attempt: org.springframework.beans.factory.BeanCreationException: Error creating bean with name 'sqlSession' defined in class path resource [root-context.xml]: Invocation of init method failed; nested exception is org.springframework.core.NestedIOException: Failed to parse config resource: class path resource [mybatis-config.xml]; nested exception is org.apache.ibatis.builder.BuilderException: Error parsing SQL Mapper Configuration. Cause: org.apache.ibatis.builder.BuilderException: Error registering typeAlias for 'Notice'. Cause: java.lang.ClassNotFoundException: Cannot find class: com.deepblue.dab.notice.model.vo.Notice
[17:44:01][ERROR][ContextLoader.java:313] - Context initialization failed
org.springframework.beans.factory.BeanCreationException: Error creating bean with name 'sqlSession' defined in class path resource [root-context.xml]: Invocation of init method failed; nested exception is org.springframework.core.NestedIOException: Failed to parse config resource: class path resource [mybatis-config.xml]; nested exception is org.apache.ibatis.builder.BuilderException: Error parsing SQL Mapper Configuration. Cause: org.apache.ibatis.builder.BuilderException: Error registering typeAlias for 'Notice'. Cause: java.lang.ClassNotFoundException: Cannot find class: com.deepblue.dab.notice.model.vo.Notice
	at org.springframework.beans.factory.support.AbstractAutowireCapableBeanFactory.initializeBean(AbstractAutowireCapableBeanFactory.java:1804)
	at org.springframework.beans.factory.support.AbstractAutowireCapableBeanFactory.doCreateBean(AbstractAutowireCapableBeanFactory.java:620)
	at org.springframework.beans.factory.support.AbstractAutowireCapableBeanFactory.createBean(AbstractAutowireCapableBeanFactory.java:542)
	at org.springframework.beans.factory.support.AbstractBeanFactory.lambda$doGetBean$0(AbstractBeanFactory.java:335)
	at org.springframework.beans.factory.support.DefaultSingletonBeanRegistry.getSingleton(DefaultSingletonBeanRegistry.java:234)
	at org.springframework.beans.factory.support.AbstractBeanFactory.doGetBean(AbstractBeanFactory.java:333)
	at org.springframework.beans.factory.support.AbstractBeanFactory.getBean(AbstractBeanFactory.java:208)
	at org.springframework.beans.factory.support.DefaultListableBeanFactory.preInstantiateSingletons(DefaultListableBeanFactory.java:934)
	at org.springframework.context.support.AbstractApplicationContext.finishBeanFactoryInitialization(AbstractApplicationContext.java:918)
	at org.springframework.context.support.AbstractApplicationContext.refresh(AbstractApplicationContext.java:583)
	at org.springframework.web.context.ContextLoader.configureAndRefreshWebApplicationContext(ContextLoader.java:401)
	at org.springframework.web.context.ContextLoader.initWebApplicationContext(ContextLoader.java:292)
	at org.springframework.web.context.ContextLoaderListener.contextInitialized(ContextLoaderListener.java:103)
	at org.apache.catalina.core.StandardContext.listenerStart(StandardContext.java:4768)
	at org.apache.catalina.core.StandardContext.startInternal(StandardContext.java:5230)
	at org.apache.catalina.util.LifecycleBase.start(LifecycleBase.java:183)
	at org.apache.catalina.core.ContainerBase$StartChild.call(ContainerBase.java:1396)
	at org.apache.catalina.core.ContainerBase$StartChild.call(ContainerBase.java:1386)
	at java.base/java.util.concurrent.FutureTask.run(FutureTask.java:264)
	at org.apache.tomcat.util.threads.InlineExecutorService.execute(InlineExecutorService.java:75)
	at java.base/java.util.concurrent.AbstractExecutorService.submit(AbstractExecutorService.java:140)
	at org.apache.catalina.core.ContainerBase.startInternal(ContainerBase.java:919)
	at org.apache.catalina.core.StandardHost.startInternal(StandardHost.java:835)
	at org.apache.catalina.util.LifecycleBase.start(LifecycleBase.java:183)
	at org.apache.catalina.core.ContainerBase$StartChild.call(ContainerBase.java:1396)
	at org.apache.catalina.core.ContainerBase$StartChild.call(ContainerBase.java:1386)
	at java.base/java.util.concurrent.FutureTask.run(FutureTask.java:264)
	at org.apache.tomcat.util.threads.InlineExecutorService.execute(InlineExecutorService.java:75)
	at java.base/java.util.concurrent.AbstractExecutorService.submit(AbstractExecutorService.java:140)
	at org.apache.catalina.core.ContainerBase.startInternal(ContainerBase.java:919)
	at org.apache.catalina.core.StandardEngine.startInternal(StandardEngine.java:263)
	at org.apache.catalina.util.LifecycleBase.start(LifecycleBase.java:183)
	at org.apache.catalina.core.StandardService.startInternal(StandardService.java:432)
	at org.apache.catalina.util.LifecycleBase.start(LifecycleBase.java:183)
	at org.apache.catalina.core.StandardServer.startInternal(StandardServer.java:927)
	at org.apache.catalina.util.LifecycleBase.start(LifecycleBase.java:183)
	at org.apache.catalina.startup.Catalina.start(Catalina.java:772)
	at java.base/jdk.internal.reflect.NativeMethodAccessorImpl.invoke0(Native Method)
	at java.base/jdk.internal.reflect.NativeMethodAccessorImpl.invoke(NativeMethodAccessorImpl.java:62)
	at java.base/jdk.internal.reflect.DelegatingMethodAccessorImpl.invoke(DelegatingMethodAccessorImpl.java:43)
	at java.base/java.lang.reflect.Method.invoke(Method.java:566)
	at org.apache.catalina.startup.Bootstrap.start(Bootstrap.java:345)
	at org.apache.catalina.startup.Bootstrap.main(Bootstrap.java:476)
Caused by: org.springframework.core.NestedIOException: Failed to parse config resource: class path resource [mybatis-config.xml]; nested exception is org.apache.ibatis.builder.BuilderException: Error parsing SQL Mapper Configuration. Cause: org.apache.ibatis.builder.BuilderException: Error registering typeAlias for 'Notice'. Cause: java.lang.ClassNotFoundException: Cannot find class: com.deepblue.dab.notice.model.vo.Notice
	at org.mybatis.spring.SqlSessionFactoryBean.buildSqlSessionFactory(SqlSessionFactoryBean.java:590)
	at org.mybatis.spring.SqlSessionFactoryBean.afterPropertiesSet(SqlSessionFactoryBean.java:491)
	at org.springframework.beans.factory.support.AbstractAutowireCapableBeanFactory.invokeInitMethods(AbstractAutowireCapableBeanFactory.java:1863)
	at org.springframework.beans.factory.support.AbstractAutowireCapableBeanFactory.initializeBean(AbstractAutowireCapableBeanFactory.java:1800)
	... 42 more
Caused by: org.apache.ibatis.builder.BuilderException: Error parsing SQL Mapper Configuration. Cause: org.apache.ibatis.builder.BuilderException: Error registering typeAlias for 'Notice'. Cause: java.lang.ClassNotFoundException: Cannot find class: com.deepblue.dab.notice.model.vo.Notice
	at org.apache.ibatis.builder.xml.XMLConfigBuilder.parseConfiguration(XMLConfigBuilder.java:122)
	at org.apache.ibatis.builder.xml.XMLConfigBuilder.parse(XMLConfigBuilder.java:99)
	at org.mybatis.spring.SqlSessionFactoryBean.buildSqlSessionFactory(SqlSessionFactoryBean.java:587)
	... 45 more
Caused by: org.apache.ibatis.builder.BuilderException: Error registering typeAlias for 'Notice'. Cause: java.lang.ClassNotFoundException: Cannot find class: com.deepblue.dab.notice.model.vo.Notice
	at org.apache.ibatis.builder.xml.XMLConfigBuilder.typeAliasesElement(XMLConfigBuilder.java:177)
	at org.apache.ibatis.builder.xml.XMLConfigBuilder.parseConfiguration(XMLConfigBuilder.java:110)
	... 47 more
Caused by: java.lang.ClassNotFoundException: Cannot find class: com.deepblue.dab.notice.model.vo.Notice
	at org.apache.ibatis.io.ClassLoaderWrapper.classForName(ClassLoaderWrapper.java:196)
	at org.apache.ibatis.io.ClassLoaderWrapper.classForName(ClassLoaderWrapper.java:89)
	at org.apache.ibatis.io.Resources.classForName(Resources.java:261)
	at org.apache.ibatis.builder.xml.XMLConfigBuilder.typeAliasesElement(XMLConfigBuilder.java:170)
	... 48 more
[17:46:24][INFO ][ContextLoader.java:271] - Root WebApplicationContext: initialization started
[17:46:25][WARN ][AbstractApplicationContext.java:591] - Exception encountered during context initialization - cancelling refresh attempt: org.springframework.beans.factory.BeanCreationException: Error creating bean with name 'sqlSession' defined in class path resource [root-context.xml]: Invocation of init method failed; nested exception is org.springframework.core.NestedIOException: Failed to parse config resource: class path resource [mybatis-config.xml]; nested exception is org.apache.ibatis.builder.BuilderException: Error parsing SQL Mapper Configuration. Cause: org.apache.ibatis.builder.BuilderException: Error registering typeAlias for 'Notice'. Cause: java.lang.ClassNotFoundException: Cannot find class: com.deepblue.dab.notice.model.vo.Notice
[17:46:25][ERROR][ContextLoader.java:313] - Context initialization failed
org.springframework.beans.factory.BeanCreationException: Error creating bean with name 'sqlSession' defined in class path resource [root-context.xml]: Invocation of init method failed; nested exception is org.springframework.core.NestedIOException: Failed to parse config resource: class path resource [mybatis-config.xml]; nested exception is org.apache.ibatis.builder.BuilderException: Error parsing SQL Mapper Configuration. Cause: org.apache.ibatis.builder.BuilderException: Error registering typeAlias for 'Notice'. Cause: java.lang.ClassNotFoundException: Cannot find class: com.deepblue.dab.notice.model.vo.Notice
	at org.springframework.beans.factory.support.AbstractAutowireCapableBeanFactory.initializeBean(AbstractAutowireCapableBeanFactory.java:1804)
	at org.springframework.beans.factory.support.AbstractAutowireCapableBeanFactory.doCreateBean(AbstractAutowireCapableBeanFactory.java:620)
	at org.springframework.beans.factory.support.AbstractAutowireCapableBeanFactory.createBean(AbstractAutowireCapableBeanFactory.java:542)
	at org.springframework.beans.factory.support.AbstractBeanFactory.lambda$doGetBean$0(AbstractBeanFactory.java:335)
	at org.springframework.beans.factory.support.DefaultSingletonBeanRegistry.getSingleton(DefaultSingletonBeanRegistry.java:234)
	at org.springframework.beans.factory.support.AbstractBeanFactory.doGetBean(AbstractBeanFactory.java:333)
	at org.springframework.beans.factory.support.AbstractBeanFactory.getBean(AbstractBeanFactory.java:208)
	at org.springframework.beans.factory.support.DefaultListableBeanFactory.preInstantiateSingletons(DefaultListableBeanFactory.java:934)
	at org.springframework.context.support.AbstractApplicationContext.finishBeanFactoryInitialization(AbstractApplicationContext.java:918)
	at org.springframework.context.support.AbstractApplicationContext.refresh(AbstractApplicationContext.java:583)
	at org.springframework.web.context.ContextLoader.configureAndRefreshWebApplicationContext(ContextLoader.java:401)
	at org.springframework.web.context.ContextLoader.initWebApplicationContext(ContextLoader.java:292)
	at org.springframework.web.context.ContextLoaderListener.contextInitialized(ContextLoaderListener.java:103)
	at org.apache.catalina.core.StandardContext.listenerStart(StandardContext.java:4768)
	at org.apache.catalina.core.StandardContext.startInternal(StandardContext.java:5230)
	at org.apache.catalina.util.LifecycleBase.start(LifecycleBase.java:183)
	at org.apache.catalina.core.ContainerBase$StartChild.call(ContainerBase.java:1396)
	at org.apache.catalina.core.ContainerBase$StartChild.call(ContainerBase.java:1386)
	at java.base/java.util.concurrent.FutureTask.run(FutureTask.java:264)
	at org.apache.tomcat.util.threads.InlineExecutorService.execute(InlineExecutorService.java:75)
	at java.base/java.util.concurrent.AbstractExecutorService.submit(AbstractExecutorService.java:140)
	at org.apache.catalina.core.ContainerBase.startInternal(ContainerBase.java:919)
	at org.apache.catalina.core.StandardHost.startInternal(StandardHost.java:835)
	at org.apache.catalina.util.LifecycleBase.start(LifecycleBase.java:183)
	at org.apache.catalina.core.ContainerBase$StartChild.call(ContainerBase.java:1396)
	at org.apache.catalina.core.ContainerBase$StartChild.call(ContainerBase.java:1386)
	at java.base/java.util.concurrent.FutureTask.run(FutureTask.java:264)
	at org.apache.tomcat.util.threads.InlineExecutorService.execute(InlineExecutorService.java:75)
	at java.base/java.util.concurrent.AbstractExecutorService.submit(AbstractExecutorService.java:140)
	at org.apache.catalina.core.ContainerBase.startInternal(ContainerBase.java:919)
	at org.apache.catalina.core.StandardEngine.startInternal(StandardEngine.java:263)
	at org.apache.catalina.util.LifecycleBase.start(LifecycleBase.java:183)
	at org.apache.catalina.core.StandardService.startInternal(StandardService.java:432)
	at org.apache.catalina.util.LifecycleBase.start(LifecycleBase.java:183)
	at org.apache.catalina.core.StandardServer.startInternal(StandardServer.java:927)
	at org.apache.catalina.util.LifecycleBase.start(LifecycleBase.java:183)
	at org.apache.catalina.startup.Catalina.start(Catalina.java:772)
	at java.base/jdk.internal.reflect.NativeMethodAccessorImpl.invoke0(Native Method)
	at java.base/jdk.internal.reflect.NativeMethodAccessorImpl.invoke(NativeMethodAccessorImpl.java:62)
	at java.base/jdk.internal.reflect.DelegatingMethodAccessorImpl.invoke(DelegatingMethodAccessorImpl.java:43)
	at java.base/java.lang.reflect.Method.invoke(Method.java:566)
	at org.apache.catalina.startup.Bootstrap.start(Bootstrap.java:345)
	at org.apache.catalina.startup.Bootstrap.main(Bootstrap.java:476)
Caused by: org.springframework.core.NestedIOException: Failed to parse config resource: class path resource [mybatis-config.xml]; nested exception is org.apache.ibatis.builder.BuilderException: Error parsing SQL Mapper Configuration. Cause: org.apache.ibatis.builder.BuilderException: Error registering typeAlias for 'Notice'. Cause: java.lang.ClassNotFoundException: Cannot find class: com.deepblue.dab.notice.model.vo.Notice
	at org.mybatis.spring.SqlSessionFactoryBean.buildSqlSessionFactory(SqlSessionFactoryBean.java:590)
	at org.mybatis.spring.SqlSessionFactoryBean.afterPropertiesSet(SqlSessionFactoryBean.java:491)
	at org.springframework.beans.factory.support.AbstractAutowireCapableBeanFactory.invokeInitMethods(AbstractAutowireCapableBeanFactory.java:1863)
	at org.springframework.beans.factory.support.AbstractAutowireCapableBeanFactory.initializeBean(AbstractAutowireCapableBeanFactory.java:1800)
	... 42 more
Caused by: org.apache.ibatis.builder.BuilderException: Error parsing SQL Mapper Configuration. Cause: org.apache.ibatis.builder.BuilderException: Error registering typeAlias for 'Notice'. Cause: java.lang.ClassNotFoundException: Cannot find class: com.deepblue.dab.notice.model.vo.Notice
	at org.apache.ibatis.builder.xml.XMLConfigBuilder.parseConfiguration(XMLConfigBuilder.java:122)
	at org.apache.ibatis.builder.xml.XMLConfigBuilder.parse(XMLConfigBuilder.java:99)
	at org.mybatis.spring.SqlSessionFactoryBean.buildSqlSessionFactory(SqlSessionFactoryBean.java:587)
	... 45 more
Caused by: org.apache.ibatis.builder.BuilderException: Error registering typeAlias for 'Notice'. Cause: java.lang.ClassNotFoundException: Cannot find class: com.deepblue.dab.notice.model.vo.Notice
	at org.apache.ibatis.builder.xml.XMLConfigBuilder.typeAliasesElement(XMLConfigBuilder.java:177)
	at org.apache.ibatis.builder.xml.XMLConfigBuilder.parseConfiguration(XMLConfigBuilder.java:110)
	... 47 more
Caused by: java.lang.ClassNotFoundException: Cannot find class: com.deepblue.dab.notice.model.vo.Notice
	at org.apache.ibatis.io.ClassLoaderWrapper.classForName(ClassLoaderWrapper.java:196)
	at org.apache.ibatis.io.ClassLoaderWrapper.classForName(ClassLoaderWrapper.java:89)
	at org.apache.ibatis.io.Resources.classForName(Resources.java:261)
	at org.apache.ibatis.builder.xml.XMLConfigBuilder.typeAliasesElement(XMLConfigBuilder.java:170)
	... 48 more
[17:48:26][INFO ][ContextLoader.java:271] - Root WebApplicationContext: initialization started
[17:48:27][WARN ][AbstractApplicationContext.java:591] - Exception encountered during context initialization - cancelling refresh attempt: org.springframework.beans.factory.BeanCreationException: Error creating bean with name 'sqlSession' defined in class path resource [root-context.xml]: Invocation of init method failed; nested exception is org.springframework.core.NestedIOException: Failed to parse config resource: class path resource [mybatis-config.xml]; nested exception is org.apache.ibatis.builder.BuilderException: Error parsing SQL Mapper Configuration. Cause: org.apache.ibatis.builder.BuilderException: Error registering typeAlias for 'QNA'. Cause: java.lang.ClassNotFoundException: Cannot find class: com.deepblue.dab.notice.model.vo.QNA
[17:48:27][ERROR][ContextLoader.java:313] - Context initialization failed
org.springframework.beans.factory.BeanCreationException: Error creating bean with name 'sqlSession' defined in class path resource [root-context.xml]: Invocation of init method failed; nested exception is org.springframework.core.NestedIOException: Failed to parse config resource: class path resource [mybatis-config.xml]; nested exception is org.apache.ibatis.builder.BuilderException: Error parsing SQL Mapper Configuration. Cause: org.apache.ibatis.builder.BuilderException: Error registering typeAlias for 'QNA'. Cause: java.lang.ClassNotFoundException: Cannot find class: com.deepblue.dab.notice.model.vo.QNA
	at org.springframework.beans.factory.support.AbstractAutowireCapableBeanFactory.initializeBean(AbstractAutowireCapableBeanFactory.java:1804)
	at org.springframework.beans.factory.support.AbstractAutowireCapableBeanFactory.doCreateBean(AbstractAutowireCapableBeanFactory.java:620)
	at org.springframework.beans.factory.support.AbstractAutowireCapableBeanFactory.createBean(AbstractAutowireCapableBeanFactory.java:542)
	at org.springframework.beans.factory.support.AbstractBeanFactory.lambda$doGetBean$0(AbstractBeanFactory.java:335)
	at org.springframework.beans.factory.support.DefaultSingletonBeanRegistry.getSingleton(DefaultSingletonBeanRegistry.java:234)
	at org.springframework.beans.factory.support.AbstractBeanFactory.doGetBean(AbstractBeanFactory.java:333)
	at org.springframework.beans.factory.support.AbstractBeanFactory.getBean(AbstractBeanFactory.java:208)
	at org.springframework.beans.factory.support.DefaultListableBeanFactory.preInstantiateSingletons(DefaultListableBeanFactory.java:934)
	at org.springframework.context.support.AbstractApplicationContext.finishBeanFactoryInitialization(AbstractApplicationContext.java:918)
	at org.springframework.context.support.AbstractApplicationContext.refresh(AbstractApplicationContext.java:583)
	at org.springframework.web.context.ContextLoader.configureAndRefreshWebApplicationContext(ContextLoader.java:401)
	at org.springframework.web.context.ContextLoader.initWebApplicationContext(ContextLoader.java:292)
	at org.springframework.web.context.ContextLoaderListener.contextInitialized(ContextLoaderListener.java:103)
	at org.apache.catalina.core.StandardContext.listenerStart(StandardContext.java:4768)
	at org.apache.catalina.core.StandardContext.startInternal(StandardContext.java:5230)
	at org.apache.catalina.util.LifecycleBase.start(LifecycleBase.java:183)
	at org.apache.catalina.core.ContainerBase$StartChild.call(ContainerBase.java:1396)
	at org.apache.catalina.core.ContainerBase$StartChild.call(ContainerBase.java:1386)
	at java.base/java.util.concurrent.FutureTask.run(FutureTask.java:264)
	at org.apache.tomcat.util.threads.InlineExecutorService.execute(InlineExecutorService.java:75)
	at java.base/java.util.concurrent.AbstractExecutorService.submit(AbstractExecutorService.java:140)
	at org.apache.catalina.core.ContainerBase.startInternal(ContainerBase.java:919)
	at org.apache.catalina.core.StandardHost.startInternal(StandardHost.java:835)
	at org.apache.catalina.util.LifecycleBase.start(LifecycleBase.java:183)
	at org.apache.catalina.core.ContainerBase$StartChild.call(ContainerBase.java:1396)
	at org.apache.catalina.core.ContainerBase$StartChild.call(ContainerBase.java:1386)
	at java.base/java.util.concurrent.FutureTask.run(FutureTask.java:264)
	at org.apache.tomcat.util.threads.InlineExecutorService.execute(InlineExecutorService.java:75)
	at java.base/java.util.concurrent.AbstractExecutorService.submit(AbstractExecutorService.java:140)
	at org.apache.catalina.core.ContainerBase.startInternal(ContainerBase.java:919)
	at org.apache.catalina.core.StandardEngine.startInternal(StandardEngine.java:263)
	at org.apache.catalina.util.LifecycleBase.start(LifecycleBase.java:183)
	at org.apache.catalina.core.StandardService.startInternal(StandardService.java:432)
	at org.apache.catalina.util.LifecycleBase.start(LifecycleBase.java:183)
	at org.apache.catalina.core.StandardServer.startInternal(StandardServer.java:927)
	at org.apache.catalina.util.LifecycleBase.start(LifecycleBase.java:183)
	at org.apache.catalina.startup.Catalina.start(Catalina.java:772)
	at java.base/jdk.internal.reflect.NativeMethodAccessorImpl.invoke0(Native Method)
	at java.base/jdk.internal.reflect.NativeMethodAccessorImpl.invoke(NativeMethodAccessorImpl.java:62)
	at java.base/jdk.internal.reflect.DelegatingMethodAccessorImpl.invoke(DelegatingMethodAccessorImpl.java:43)
	at java.base/java.lang.reflect.Method.invoke(Method.java:566)
	at org.apache.catalina.startup.Bootstrap.start(Bootstrap.java:345)
	at org.apache.catalina.startup.Bootstrap.main(Bootstrap.java:476)
Caused by: org.springframework.core.NestedIOException: Failed to parse config resource: class path resource [mybatis-config.xml]; nested exception is org.apache.ibatis.builder.BuilderException: Error parsing SQL Mapper Configuration. Cause: org.apache.ibatis.builder.BuilderException: Error registering typeAlias for 'QNA'. Cause: java.lang.ClassNotFoundException: Cannot find class: com.deepblue.dab.notice.model.vo.QNA
	at org.mybatis.spring.SqlSessionFactoryBean.buildSqlSessionFactory(SqlSessionFactoryBean.java:590)
	at org.mybatis.spring.SqlSessionFactoryBean.afterPropertiesSet(SqlSessionFactoryBean.java:491)
	at org.springframework.beans.factory.support.AbstractAutowireCapableBeanFactory.invokeInitMethods(AbstractAutowireCapableBeanFactory.java:1863)
	at org.springframework.beans.factory.support.AbstractAutowireCapableBeanFactory.initializeBean(AbstractAutowireCapableBeanFactory.java:1800)
	... 42 more
Caused by: org.apache.ibatis.builder.BuilderException: Error parsing SQL Mapper Configuration. Cause: org.apache.ibatis.builder.BuilderException: Error registering typeAlias for 'QNA'. Cause: java.lang.ClassNotFoundException: Cannot find class: com.deepblue.dab.notice.model.vo.QNA
	at org.apache.ibatis.builder.xml.XMLConfigBuilder.parseConfiguration(XMLConfigBuilder.java:122)
	at org.apache.ibatis.builder.xml.XMLConfigBuilder.parse(XMLConfigBuilder.java:99)
	at org.mybatis.spring.SqlSessionFactoryBean.buildSqlSessionFactory(SqlSessionFactoryBean.java:587)
	... 45 more
Caused by: org.apache.ibatis.builder.BuilderException: Error registering typeAlias for 'QNA'. Cause: java.lang.ClassNotFoundException: Cannot find class: com.deepblue.dab.notice.model.vo.QNA
	at org.apache.ibatis.builder.xml.XMLConfigBuilder.typeAliasesElement(XMLConfigBuilder.java:177)
	at org.apache.ibatis.builder.xml.XMLConfigBuilder.parseConfiguration(XMLConfigBuilder.java:110)
	... 47 more
Caused by: java.lang.ClassNotFoundException: Cannot find class: com.deepblue.dab.notice.model.vo.QNA
	at org.apache.ibatis.io.ClassLoaderWrapper.classForName(ClassLoaderWrapper.java:196)
	at org.apache.ibatis.io.ClassLoaderWrapper.classForName(ClassLoaderWrapper.java:89)
	at org.apache.ibatis.io.Resources.classForName(Resources.java:261)
	at org.apache.ibatis.builder.xml.XMLConfigBuilder.typeAliasesElement(XMLConfigBuilder.java:170)
	... 48 more
[17:49:03][INFO ][ContextLoader.java:271] - Root WebApplicationContext: initialization started
[17:49:04][INFO ][ContextLoader.java:307] - Root WebApplicationContext initialized in 434 ms
[17:49:04][INFO ][FrameworkServlet.java:525] - Initializing Servlet 'appServlet'
[17:49:05][INFO ][FrameworkServlet.java:547] - Completed initialization in 657 ms
[20:27:49][INFO ][ContextLoader.java:271] - Root WebApplicationContext: initialization started
[20:27:49][INFO ][ContextLoader.java:307] - Root WebApplicationContext initialized in 632 ms
[20:27:50][INFO ][FrameworkServlet.java:525] - Initializing Servlet 'appServlet'
[20:27:51][INFO ][FrameworkServlet.java:547] - Completed initialization in 1006 ms
